<?xml version="1.0" encoding="utf-8"?><testsuites name="pytest tests"><testsuite name="pytest" errors="0" failures="0" skipped="0" tests="18" time="9.621" timestamp="2026-03-03T23:47:38.974522+00:00" hostname="agent-env-7eedc84c-6189-4510-8f9a-cbd57cefea20"><testcase classname="backend.tests.test_daily_report.TestAuthentication" name="test_login_success" time="0.848" /><testcase classname="backend.tests.test_daily_report.TestDailyReportEndpointsWithoutAuth" name="test_test_daily_report_requires_auth" time="0.408" /><testcase classname="backend.tests.test_daily_report.TestDailyReportEndpointsWithoutAuth" name="test_report_config_requires_auth" time="0.530" /><testcase classname="backend.tests.test_daily_report.TestDailyReportEndpointsWithoutAuth" name="test_scheduler_status_requires_auth" time="0.402" /><testcase classname="backend.tests.test_daily_report.TestDailyReportEndpointsWithoutAuth" name="test_scheduler_enable_requires_auth" time="0.424" /><testcase classname="backend.tests.test_daily_report.TestDailyReportEndpointsWithoutAuth" name="test_scheduler_disable_requires_auth" time="0.400" /><testcase classname="backend.tests.test_daily_report.TestDailyReportEndpointsWithoutAuth" name="test_report_logs_requires_auth" time="0.444" /><testcase classname="backend.tests.test_daily_report.TestReportConfiguration" name="test_get_report_config" time="1.047" /><testcase classname="backend.tests.test_daily_report.TestTestDailyReport" name="test_daily_report_fails_without_resend_key" time="0.420" /><testcase classname="backend.tests.test_daily_report.TestSchedulerStatus" name="test_get_scheduler_status" time="0.433" /><testcase classname="backend.tests.test_daily_report.TestSchedulerEnable" name="test_enable_scheduler_fails_without_resend_key" time="0.425" /><testcase classname="backend.tests.test_daily_report.TestSchedulerDisable" name="test_disable_scheduler" time="0.434" /><testcase classname="backend.tests.test_daily_report.TestSchedulerDisable" name="test_scheduler_status_after_disable" time="0.833" /><testcase classname="backend.tests.test_daily_report.TestReportLogs" name="test_get_report_logs" time="0.431" /><testcase classname="backend.tests.test_daily_report.TestReportLogs" name="test_get_report_logs_with_limit" time="0.400" /><testcase classname="backend.tests.test_daily_report.TestInvalidToken" name="test_test_daily_report_invalid_token" time="0.424" /><testcase classname="backend.tests.test_daily_report.TestInvalidToken" name="test_report_config_invalid_token" time="0.424" /><testcase classname="backend.tests.test_daily_report.TestReportLogsAfterTestReport" name="test_report_logs_after_failed_test" time="0.821" /></testsuite></testsuites>